\BOOKMARK [0][-]{dummy.2}{\376\377\000A\000b\000s\000t\000r\000a\000c\000t}{}% 1
\BOOKMARK [0][-]{dummy.3}{\376\377\000A\000c\000k\000n\000o\000w\000l\000e\000d\000g\000e\000m\000e\000n\000t\000s}{}% 2
\BOOKMARK [0][-]{dummy.5}{\376\377\000L\000i\000s\000t\000\040\000o\000f\000\040\000F\000i\000g\000u\000r\000e\000s}{}% 3
\BOOKMARK [0][-]{dummy.7}{\376\377\000L\000i\000s\000t\000\040\000o\000f\000\040\000T\000a\000b\000l\000e\000s}{}% 4
\BOOKMARK [0][-]{chapter.9}{\376\377\0001\000\040\000I\000n\000t\000r\000o\000d\000u\000c\000t\000i\000o\000n}{}% 5
\BOOKMARK [1][-]{section.10}{\376\377\0001\000.\0001\000\040\000M\000o\000t\000i\000v\000a\000t\000i\000o\000n}{chapter.9}% 6
\BOOKMARK [1][-]{section.11}{\376\377\0001\000.\0002\000\040\000S\000y\000s\000t\000e\000m\000\040\000O\000v\000e\000r\000v\000i\000e\000w}{chapter.9}% 7
\BOOKMARK [1][-]{section.13}{\376\377\0001\000.\0003\000\040\000O\000b\000j\000e\000c\000t\000i\000v\000e\000s}{chapter.9}% 8
\BOOKMARK [1][-]{section.14}{\376\377\0001\000.\0004\000\040\000S\000t\000r\000u\000c\000t\000u\000r\000e\000\040\000o\000f\000\040\000t\000h\000e\000\040\000d\000o\000c\000u\000m\000e\000n\000t}{chapter.9}% 9
\BOOKMARK [0][-]{chapter.15}{\376\377\0002\000\040\000L\000i\000t\000e\000r\000a\000t\000u\000r\000e\000\040\000S\000u\000r\000v\000e\000y}{}% 10
\BOOKMARK [1][-]{section.16}{\376\377\0002\000.\0001\000\040\000D\000r\000o\000n\000e\000\040\000D\000e\000v\000e\000l\000o\000p\000m\000e\000n\000t\000\040\000a\000n\000d\000\040\000o\000p\000e\000r\000a\000t\000i\000o\000n}{chapter.15}% 11
\BOOKMARK [1][-]{section.17}{\376\377\0002\000.\0002\000\040\000S\000p\000e\000c\000t\000r\000a\000l\000\040\000s\000i\000g\000n\000a\000t\000u\000r\000e\000\040\000o\000f\000\040\000v\000e\000g\000e\000t\000a\000t\000i\000o\000n}{chapter.15}% 12
\BOOKMARK [1][-]{section.18}{\376\377\0002\000.\0003\000\040\000I\000m\000a\000g\000e\000\040\000S\000t\000i\000t\000c\000h\000i\000n\000g}{chapter.15}% 13
\BOOKMARK [1][-]{section.19}{\376\377\0002\000.\0004\000\040\000V\000e\000g\000e\000t\000a\000t\000i\000o\000n\000\040\000I\000n\000d\000i\000c\000e\000s\000\040\000a\000n\000d\000\040\000M\000a\000c\000h\000i\000n\000e\000\040\000L\000e\000a\000r\000n\000i\000n\000g}{chapter.15}% 14
\BOOKMARK [1][-]{section.20}{\376\377\0002\000.\0005\000\040\000D\000e\000e\000p\000\040\000L\000e\000a\000r\000n\000i\000n\000g\000\040\000f\000o\000r\000\040\000I\000m\000a\000g\000e\000-\000B\000a\000s\000e\000d\000\040\000P\000l\000a\000n\000t\000\040\000D\000i\000s\000e\000a\000s\000e\000\040\000D\000e\000t\000e\000c\000t\000i\000o\000n}{chapter.15}% 15
\BOOKMARK [1][-]{section.21}{\376\377\0002\000.\0006\000\040\000S\000u\000m\000m\000a\000r\000y}{chapter.15}% 16
\BOOKMARK [0][-]{chapter.22}{\376\377\0003\000\040\000I\000m\000a\000g\000e\000\040\000D\000a\000t\000a\000\040\000C\000o\000l\000l\000e\000c\000t\000i\000o\000n\000\040\000u\000s\000i\000n\000g\000\040\000A\000u\000t\000o\000n\000o\000m\000o\000u\000s\000\040\000D\000r\000o\000n\000e}{}% 17
\BOOKMARK [1][-]{section.23}{\376\377\0003\000.\0001\000\040\000A\000b\000o\000u\000t}{chapter.22}% 18
\BOOKMARK [1][-]{section.25}{\376\377\0003\000.\0002\000\040\000O\000v\000e\000r\000v\000i\000e\000w\000\040\000o\000f\000\040\000t\000h\000e\000\040\000S\000y\000s\000t\000e\000m}{chapter.22}% 19
\BOOKMARK [2][-]{subsection.27}{\376\377\0003\000.\0002\000.\0001\000\040\000C\000h\000o\000o\000s\000i\000n\000g\000\040\000a\000\040\000F\000l\000i\000g\000h\000t\000\040\000C\000o\000n\000t\000r\000o\000l\000l\000e\000r}{section.25}% 20
\BOOKMARK [1][-]{section.31}{\376\377\0003\000.\0003\000\040\000P\000h\000y\000s\000i\000c\000a\000l\000\040\000P\000a\000r\000a\000m\000e\000t\000e\000r\000s\000\040\000p\000e\000r\000t\000a\000i\000n\000i\000n\000g\000\040\000t\000o\000\040\000o\000u\000r\000\040\000s\000y\000s\000t\000e\000m}{chapter.22}% 21
\BOOKMARK [2][-]{subsection.32}{\376\377\0003\000.\0003\000.\0001\000\040\000S\000e\000n\000s\000o\000r\000s}{section.31}% 22
\BOOKMARK [2][-]{subsection.33}{\376\377\0003\000.\0003\000.\0002\000\040\000E\000l\000e\000c\000t\000r\000i\000c\000a\000l}{section.31}% 23
\BOOKMARK [2][-]{subsection.34}{\376\377\0003\000.\0003\000.\0003\000\040\000M\000e\000c\000h\000a\000n\000i\000c\000a\000l}{section.31}% 24
\BOOKMARK [1][-]{section.35}{\376\377\0003\000.\0004\000\040\000R\000e\000m\000o\000t\000e\000\040\000C\000o\000n\000t\000r\000o\000l\000\040\000M\000o\000d\000e\000s}{chapter.22}% 25
\BOOKMARK [2][-]{subsection.36}{\376\377\0003\000.\0004\000.\0001\000\040\000O\000v\000e\000r\000v\000i\000e\000w}{section.35}% 26
\BOOKMARK [2][-]{subsection.37}{\376\377\0003\000.\0004\000.\0002\000\040\000T\000r\000a\000n\000s\000m\000i\000t\000t\000e\000r\000\040\000c\000o\000n\000f\000i\000g\000u\000r\000a\000t\000i\000o\000n}{section.35}% 27
\BOOKMARK [2][-]{subsection.40}{\376\377\0003\000.\0004\000.\0003\000\040\000C\000h\000a\000n\000n\000e\000l\000\040\000M\000a\000p\000p\000i\000n\000g\000s}{section.35}% 28
\BOOKMARK [2][-]{subsection.41}{\376\377\0003\000.\0004\000.\0004\000\040\000C\000o\000n\000n\000e\000c\000t\000i\000n\000g\000\040\000a\000u\000t\000o\000p\000i\000l\000o\000t\000\040\000a\000n\000d\000\040\000t\000u\000r\000n\000i\000n\000g\000\040\000o\000n\000\040\000r\000e\000c\000e\000i\000v\000e\000r}{section.35}% 29
\BOOKMARK [2][-]{subsection.43}{\376\377\0003\000.\0004\000.\0005\000\040\000C\000a\000l\000i\000b\000r\000a\000t\000i\000o\000n\000\040\000s\000t\000e\000p\000s}{section.35}% 30
\BOOKMARK [2][-]{subsection.52}{\376\377\0003\000.\0004\000.\0006\000\040\000R\000C\000\040\000T\000r\000a\000n\000s\000m\000i\000t\000t\000e\000r\000\040\000F\000l\000i\000g\000h\000t\000\040\000M\000o\000d\000e\000\040\000C\000o\000n\000f\000i\000g\000u\000r\000a\000t\000i\000o\000n}{section.35}% 31
\BOOKMARK [3][-]{subsubsection.53}{\376\377\0003\000.\0004\000.\0006\000.\0001\000\040\000F\000l\000i\000g\000h\000t\000\040\000m\000o\000d\000e\000s\000\040\000c\000o\000n\000f\000i\000g\000u\000r\000a\000t\000i\000o\000n}{subsection.52}% 32
\BOOKMARK [3][-]{subsubsection.55}{\376\377\0003\000.\0004\000.\0006\000.\0002\000\040\000S\000e\000t\000t\000i\000n\000g\000\040\000t\000h\000e\000\040\000f\000l\000i\000g\000h\000t\000\040\000m\000o\000d\000e\000\040\000c\000h\000a\000n\000n\000e\000l}{subsection.52}% 33
\BOOKMARK [3][-]{subsubsection.56}{\376\377\0003\000.\0004\000.\0006\000.\0003\000\040\000T\000r\000a\000n\000s\000m\000i\000t\000t\000e\000r\000\040\000c\000o\000n\000f\000i\000g\000u\000r\000a\000t\000i\000o\000n}{subsection.52}% 34
\BOOKMARK [3][-]{subsubsection.57}{\376\377\0003\000.\0004\000.\0006\000.\0004\000\040\000T\000e\000s\000t\000\040\000t\000r\000a\000n\000s\000m\000i\000t\000t\000e\000r\000\040\000s\000w\000i\000t\000c\000h\000\040\000s\000e\000t\000t\000i\000n\000g\000s}{subsection.52}% 35
\BOOKMARK [1][-]{section.59}{\376\377\0003\000.\0005\000\040\000F\000l\000i\000g\000h\000t\000\040\000M\000o\000d\000e\000s\000\040\000a\000n\000d\000\040\000A\000u\000t\000o\000n\000o\000m\000o\000u\000s\000\040\000N\000a\000v\000i\000g\000a\000t\000e\000d\000\040\000F\000l\000i\000g\000h\000t}{chapter.22}% 36
\BOOKMARK [2][-]{subsection.60}{\376\377\0003\000.\0005\000.\0001\000\040\000A\000u\000t\000o\000t\000u\000n\000e}{section.59}% 37
\BOOKMARK [3][-]{subsubsection.62}{\376\377\0003\000.\0005\000.\0001\000.\0001\000\040\000S\000e\000t\000u\000p\000\040\000b\000e\000f\000o\000r\000e\000\040\000f\000l\000y\000i\000n\000g}{subsection.60}% 38
\BOOKMARK [3][-]{subsubsection.65}{\376\377\0003\000.\0005\000.\0001\000.\0002\000\040\000H\000o\000w\000\040\000t\000o\000\040\000i\000n\000v\000o\000k\000e\000\040\000A\000u\000t\000o\000T\000u\000n\000e}{subsection.60}% 39
\BOOKMARK [2][-]{subsection.75}{\376\377\0003\000.\0005\000.\0002\000\040\000S\000t\000a\000b\000i\000l\000i\000z\000e\000\040\000M\000o\000d\000e}{section.59}% 40
\BOOKMARK [3][-]{subsubsection.76}{\376\377\0003\000.\0005\000.\0002\000.\0001\000\040\000O\000v\000e\000r\000v\000i\000e\000w\000\040\000o\000f\000\040\000t\000h\000i\000s\000\040\000m\000o\000d\000e}{subsection.75}% 41
\BOOKMARK [3][-]{subsubsection.77}{\376\377\0003\000.\0005\000.\0002\000.\0002\000\040\000T\000u\000n\000i\000n\000g}{subsection.75}% 42
\BOOKMARK [2][-]{subsection.78}{\376\377\0003\000.\0005\000.\0003\000\040\000L\000o\000i\000t\000e\000r\000\040\000M\000o\000d\000e}{section.59}% 43
\BOOKMARK [3][-]{subsubsection.79}{\376\377\0003\000.\0005\000.\0003\000.\0001\000\040\000C\000o\000n\000t\000r\000o\000l\000s}{subsection.78}% 44
\BOOKMARK [2][-]{subsection.80}{\376\377\0003\000.\0005\000.\0004\000\040\000R\000T\000L\000\040\000M\000o\000d\000e}{section.59}% 45
\BOOKMARK [3][-]{subsubsection.81}{\376\377\0003\000.\0005\000.\0004\000.\0001\000\040\000O\000v\000e\000r\000v\000i\000e\000w}{subsection.80}% 46
\BOOKMARK [2][-]{subsection.83}{\376\377\0003\000.\0005\000.\0005\000\040\000A\000u\000t\000o\000\040\000M\000o\000d\000e}{section.59}% 47
\BOOKMARK [3][-]{subsubsection.84}{\376\377\0003\000.\0005\000.\0005\000.\0001\000\040\000O\000v\000e\000r\000v\000i\000e\000w}{subsection.83}% 48
\BOOKMARK [3][-]{subsubsection.86}{\376\377\0003\000.\0005\000.\0005\000.\0002\000\040\000C\000o\000n\000t\000r\000o\000l\000s\000\040\000a\000n\000d\000\040\000H\000o\000w\000\040\000i\000t\000\040\000w\000o\000u\000l\000d\000\040\000b\000e\000\040\000e\000x\000e\000c\000u\000t\000e\000d\000?}{subsection.83}% 49
\BOOKMARK [3][-]{subsubsection.87}{\376\377\0003\000.\0005\000.\0005\000.\0003\000\040\000E\000n\000d\000i\000n\000g\000\040\000a\000\040\000M\000i\000s\000s\000i\000o\000n}{subsection.83}% 50
\BOOKMARK [1][-]{section.88}{\376\377\0003\000.\0006\000\040\000C\000o\000n\000c\000l\000u\000s\000i\000o\000n}{chapter.22}% 51
\BOOKMARK [0][-]{chapter.89}{\376\377\0004\000\040\000S\000t\000i\000t\000c\000h\000i\000n\000g\000\040\000o\000f\000\040\000I\000m\000a\000g\000e\000s}{}% 52
\BOOKMARK [1][-]{section.90}{\376\377\0004\000.\0001\000\040\000A\000b\000o\000u\000t\000\040\000t\000h\000e\000\040\000C\000h\000a\000p\000t\000e\000r}{chapter.89}% 53
\BOOKMARK [1][-]{section.92}{\376\377\0004\000.\0002\000\040\000I\000m\000a\000g\000e\000\040\000M\000o\000s\000a\000i\000c\000i\000n\000g\000\040\000a\000n\000d\000\040\000O\000r\000t\000h\000o\000-\000r\000e\000c\000t\000i\000f\000i\000c\000a\000t\000i\000o\000n}{chapter.89}% 54
\BOOKMARK [2][-]{subsection.96}{\376\377\0004\000.\0002\000.\0001\000\040\000G\000e\000o\000m\000e\000t\000r\000i\000c\000\040\000c\000o\000r\000r\000e\000c\000t\000i\000o\000n\000s}{section.92}% 55
\BOOKMARK [1][-]{section.97}{\376\377\0004\000.\0003\000\040\000I\000m\000a\000g\000e\000\040\000R\000e\000g\000i\000s\000t\000r\000a\000t\000i\000o\000n}{chapter.89}% 56
\BOOKMARK [2][-]{subsection.100}{\376\377\0004\000.\0003\000.\0001\000\040\000F\000e\000a\000t\000u\000r\000e\000\040\000b\000a\000s\000e\000d\000\040\000m\000e\000t\000h\000o\000d\000s}{section.97}% 57
\BOOKMARK [2][-]{subsection.102}{\376\377\0004\000.\0003\000.\0002\000\040\000I\000n\000t\000e\000n\000s\000i\000t\000y\000\040\000b\000a\000s\000e\000d\000\040\000m\000o\000s\000a\000i\000c\000i\000n\000g}{section.97}% 58
\BOOKMARK [1][-]{section.106}{\376\377\0004\000.\0004\000\040\000I\000m\000a\000g\000e\000\040\000C\000o\000m\000p\000o\000s\000t\000i\000n\000g}{chapter.89}% 59
\BOOKMARK [1][-]{section.107}{\376\377\0004\000.\0005\000\040\000O\000r\000t\000h\000o\000-\000R\000e\000c\000t\000i\000f\000i\000c\000a\000t\000i\000o\000n\000\040\000o\000f\000\040\000i\000m\000a\000g\000e\000s}{chapter.89}% 60
\BOOKMARK [2][-]{subsection.109}{\376\377\0004\000.\0005\000.\0001\000\040\000M\000e\000t\000h\000o\000d\000s\000\040\000u\000s\000e\000d\000\040\000i\000n\000\040\000o\000r\000t\000h\000o\000-\000r\000e\000c\000t\000i\000f\000i\000c\000a\000t\000i\000o\000n}{section.107}% 61
\BOOKMARK [1][-]{section.110}{\376\377\0004\000.\0006\000\040\000S\000I\000F\000T\000\040\000a\000n\000d\000\040\000S\000U\000R\000F}{chapter.89}% 62
\BOOKMARK [2][-]{subsection.111}{\376\377\0004\000.\0006\000.\0001\000\040\000S\000I\000F\000T\000\040\000D\000e\000t\000e\000c\000t\000o\000r}{section.110}% 63
\BOOKMARK [2][-]{subsection.113}{\376\377\0004\000.\0006\000.\0002\000\040\000S\000U\000R\000F\000\040\000D\000e\000t\000e\000c\000t\000o\000r}{section.110}% 64
\BOOKMARK [1][-]{section.115}{\376\377\0004\000.\0007\000\040\000O\000p\000e\000n\000D\000r\000o\000n\000e\000m\000a\000p\000\040\000b\000a\000s\000e\000d\000\040\000I\000m\000a\000g\000e\000\040\000P\000r\000o\000c\000e\000s\000s\000i\000n\000g}{chapter.89}% 65
\BOOKMARK [0][-]{chapter.121}{\376\377\0005\000\040\000A\000n\000a\000l\000y\000s\000i\000s\000\040\000o\000f\000\040\000S\000t\000i\000t\000c\000h\000e\000d\000\040\000I\000m\000a\000g\000e}{}% 66
\BOOKMARK [1][-]{section.122}{\376\377\0005\000.\0001\000\040\000A\000b\000o\000u\000t}{chapter.121}% 67
\BOOKMARK [1][-]{section.123}{\376\377\0005\000.\0002\000\040\000C\000o\000m\000p\000a\000r\000i\000s\000o\000n\000\040\000o\000f\000\040\000D\000i\000f\000f\000e\000r\000e\000n\000t\000\040\000I\000m\000a\000g\000e\000\040\000A\000n\000a\000l\000y\000s\000i\000s\000\040\000T\000e\000c\000h\000n\000i\000q\000u\000e\000s}{chapter.121}% 68
\BOOKMARK [1][-]{section.126}{\376\377\0005\000.\0003\000\040\000I\000m\000a\000g\000e\000\040\000A\000n\000a\000l\000y\000s\000i\000s\000\040\000U\000s\000i\000n\000g\000\040\000I\000n\000d\000e\000x\000i\000n\000g}{chapter.121}% 69
\BOOKMARK [2][-]{subsection.128}{\376\377\0005\000.\0003\000.\0001\000\040\000N\000o\000r\000m\000a\000l\000i\000z\000e\000d\000\040\000D\000i\000f\000f\000e\000r\000e\000n\000c\000e\000\040\000V\000e\000g\000e\000t\000a\000t\000i\000o\000n\000\040\000I\000n\000d\000e\000x}{section.126}% 70
\BOOKMARK [2][-]{subsection.131}{\376\377\0005\000.\0003\000.\0002\000\040\000C\000l\000u\000s\000t\000e\000r\000i\000n\000g\000\040\000a\000n\000d\000\040\000C\000l\000a\000s\000s\000i\000f\000i\000c\000a\000t\000i\000o\000n}{section.126}% 71
\BOOKMARK [3][-]{subsubsection.132}{\376\377\0005\000.\0003\000.\0002\000.\0001\000\040\000K\000-\000m\000e\000a\000n\000s\000\040\000A\000l\000g\000o\000r\000i\000t\000h\000m}{subsection.131}% 72
\BOOKMARK [2][-]{subsection.141}{\376\377\0005\000.\0003\000.\0003\000\040\000S\000o\000f\000t\000m\000a\000x\000\040\000R\000e\000g\000r\000e\000s\000s\000i\000o\000n\000\040\000M\000o\000d\000e\000l}{section.126}% 73
\BOOKMARK [0][-]{chapter.143}{\376\377\0006\000\040\000C\000r\000o\000p\000\040\000D\000i\000s\000e\000a\000s\000e\000\040\000P\000r\000e\000d\000i\000c\000t\000i\000o\000n\000\040\000u\000s\000i\000n\000g\000\040\000D\000e\000e\000p\000\040\000L\000e\000a\000r\000n\000i\000n\000g}{}% 74
\BOOKMARK [1][-]{section.144}{\376\377\0006\000.\0001\000\040\000A\000b\000o\000u\000t}{chapter.143}% 75
\BOOKMARK [1][-]{section.145}{\376\377\0006\000.\0002\000\040\000D\000e\000e\000p\000\040\000L\000e\000a\000r\000n\000i\000n\000g\000\040\000M\000o\000d\000e\000l}{chapter.143}% 76
\BOOKMARK [2][-]{subsection.146}{\376\377\0006\000.\0002\000.\0001\000\040\000C\000o\000n\000v\000o\000l\000u\000t\000i\000o\000n\000a\000l\000\040\000N\000e\000u\000r\000a\000l\000\040\000N\000e\000t\000w\000o\000r\000k\000s}{section.145}% 77
\BOOKMARK [2][-]{subsection.149}{\376\377\0006\000.\0002\000.\0002\000\040\000D\000e\000e\000p\000\040\000L\000e\000a\000r\000n\000i\000n\000g\000\040\000F\000r\000a\000m\000e\000w\000o\000r\000k\000s}{section.145}% 78
\BOOKMARK [3][-]{subsubsection.150}{\376\377\0006\000.\0002\000.\0002\000.\0001\000\040\000W\000h\000y\000\040\000T\000e\000n\000s\000o\000r\000F\000l\000o\000w\000?}{subsection.149}% 79
\BOOKMARK [2][-]{subsection.151}{\376\377\0006\000.\0002\000.\0003\000\040\000T\000r\000a\000n\000s\000f\000e\000r\000\040\000L\000e\000a\000r\000n\000i\000n\000g}{section.145}% 80
\BOOKMARK [3][-]{subsubsection.153}{\376\377\0006\000.\0002\000.\0003\000.\0001\000\040\000I\000n\000c\000e\000p\000t\000i\000o\000n\000\040\000V\000-\0003\000\040\000m\000o\000d\000e\000l}{subsection.151}% 81
\BOOKMARK [0][-]{chapter.155}{\376\377\0007\000\040\000E\000x\000p\000e\000r\000i\000m\000e\000n\000t\000a\000l\000\040\000R\000e\000s\000u\000l\000t\000s}{}% 82
\BOOKMARK [1][-]{section.156}{\376\377\0007\000.\0001\000\040\000A\000u\000t\000o\000n\000o\000m\000o\000u\000s\000\040\000f\000l\000i\000g\000h\000t\000\040\000f\000o\000r\000\040\000d\000a\000t\000a\000\040\000c\000o\000l\000l\000e\000c\000t\000i\000o\000n}{chapter.155}% 83
\BOOKMARK [2][-]{subsection.157}{\376\377\0007\000.\0001\000.\0001\000\040\000V\000e\000r\000i\000f\000y\000i\000n\000g\000\040\000L\000o\000i\000t\000e\000r\000\040\000p\000e\000r\000f\000o\000r\000m\000a\000n\000c\000e\000\040\000w\000i\000t\000h\000\040\000d\000a\000t\000a\000f\000l\000a\000s\000h\000\040\000l\000o\000g\000s}{section.156}% 84
\BOOKMARK [2][-]{subsection.159}{\376\377\0007\000.\0001\000.\0002\000\040\000V\000e\000r\000i\000f\000y\000i\000n\000g\000\040\000p\000e\000r\000f\000o\000r\000m\000a\000n\000c\000e\000\040\000w\000i\000t\000h\000\040\000d\000a\000t\000a\000f\000l\000a\000s\000h\000\040\000l\000o\000g\000s}{section.156}% 85
\BOOKMARK [2][-]{subsection.167}{\376\377\0007\000.\0001\000.\0003\000\040\000P\000l\000a\000n\000n\000i\000n\000g\000\040\000a\000\040\000M\000i\000s\000s\000i\000o\000n\000\040\000w\000i\000t\000h\000\040\000W\000a\000y\000p\000o\000i\000n\000t\000s\000\040\000a\000n\000d\000\040\000E\000v\000e\000n\000t\000s}{section.156}% 86
\BOOKMARK [2][-]{subsection.170}{\376\377\0007\000.\0001\000.\0004\000\040\000A\000u\000t\000o\000\040\000g\000r\000i\000d}{section.156}% 87
\BOOKMARK [1][-]{section.187}{\376\377\0007\000.\0002\000\040\000W\000e\000b\000\040\000P\000o\000r\000t\000a\000l}{chapter.155}% 88
\BOOKMARK [2][-]{subsection.191}{\376\377\0007\000.\0002\000.\0001\000\040\000D\000a\000t\000a\000s\000e\000t\000\040\000f\000o\000r\000\040\000I\000m\000a\000g\000e\000\040\000S\000t\000i\000t\000c\000h\000i\000n\000g\000\040\000a\000n\000d\000\040\000N\000D\000V\000I\000\040\000A\000n\000a\000l\000y\000s\000i\000s}{section.187}% 89
\BOOKMARK [2][-]{subsection.200}{\376\377\0007\000.\0002\000.\0002\000\040\000I\000m\000a\000g\000e\000\040\000S\000t\000i\000t\000c\000h\000i\000n\000g}{section.187}% 90
\BOOKMARK [2][-]{subsection.202}{\376\377\0007\000.\0002\000.\0003\000\040\000N\000D\000V\000I\000\040\000A\000n\000a\000l\000y\000s\000i\000s}{section.187}% 91
\BOOKMARK [2][-]{subsection.206}{\376\377\0007\000.\0002\000.\0004\000\040\000C\000l\000u\000s\000t\000e\000r\000i\000n\000g\000\040\000u\000s\000i\000n\000g\000\040\000K\000-\000M\000e\000a\000n\000s}{section.187}% 92
\BOOKMARK [2][-]{subsection.207}{\376\377\0007\000.\0002\000.\0005\000\040\000S\000o\000f\000t\000M\000a\000x\000\040\000R\000e\000g\000r\000e\000s\000s\000i\000o\000n\000\040\000M\000o\000d\000e\000l}{section.187}% 93
\BOOKMARK [2][-]{subsection.213}{\376\377\0007\000.\0002\000.\0006\000\040\000D\000a\000t\000a\000s\000e\000t\000\040\000f\000o\000r\000\040\000D\000e\000e\000p\000\040\000L\000e\000a\000r\000n\000i\000n\000g}{section.187}% 94
\BOOKMARK [2][-]{subsection.215}{\376\377\0007\000.\0002\000.\0007\000\040\000C\000r\000o\000p\000\040\000D\000i\000s\000e\000a\000s\000e\000\040\000P\000r\000e\000d\000i\000c\000t\000i\000o\000n\000\040\000U\000s\000i\000n\000g\000\040\000D\000e\000e\000p\000\040\000L\000e\000a\000r\000n\000i\000n\000g}{section.187}% 95
\BOOKMARK [3][-]{subsubsection.216}{\376\377\0007\000.\0002\000.\0007\000.\0001\000\040\000L\000i\000m\000i\000t\000a\000t\000i\000o\000n\000s}{subsection.215}% 96
\BOOKMARK [0][-]{chapter.224}{\376\377\0008\000\040\000C\000o\000n\000c\000l\000u\000s\000i\000o\000n\000s\000\040\000a\000n\000d\000\040\000F\000u\000t\000u\000r\000e\000\040\000W\000o\000r\000k}{}% 97
\BOOKMARK [0][-]{dummy.225}{\376\377\000B\000i\000b\000l\000i\000o\000g\000r\000a\000p\000h\000y}{}% 98
